LAB 8                    180426     22154283

                    GRADUATE
                  EMPLOYEE SALARY REPORT                          PAGE  1

EMP  EMP                              PRESENT  INCREASE      PAY         NEW
NUM  NAME          YEARS  POSITION    SALARY       %      INCREASE     SALARY

030  ALLDREN RUTH     21  ANALYST     20,200.00  11.8%   $2,383.60+  $22,583.60

185  DONNEMAN THOMAS   6  PROG         4,230.09   6.7%     $283.42+   $4,513.51

325  HATFIELD MARK     1              11,220.02              $0.00   $11,220.02

730  REEDE OWEN        9  SEN PROG     5,550.10   8.3%     $460.66+   $6,010.76

111  CARTOLER VIOLET   2               9,980.07              $0.00    $9,980.07

999  BAKER RON         3  PROG        30,000.14   6.7%   $2,010.01+  $32,010.15

181  DELBERT EDWARD   12  SEN PROG     6,590.13   8.3%     $546.98+   $7,137.11

318  HANEY CAROL       9  SEN PROG    50,000.14   8.3%   $4,150.01+  $54,150.15

027  ALHOUER ELAINE    1              25,730.02              $0.00   $25,730.02

317  HANBEE ALETA      3  PROG        50,000.03   6.7%   $3,350.00+  $53,350.03

806  STOCKTON NORMAN   6  PROG        25,070.07   6.7%   $1,679.69+  $26,749.76

207  EBERHARDT RON     5  PROG        40,070.09   6.7%   $2,684.70+  $42,754.79

308  GLEASON JAMES     1              50,000.03              $0.00   $50,000.03

292  EVERLEY DONNA     3  PROG        20,000.17   6.7%   $1,340.01+  $21,340.18

409  ICK MICK         25  ANALYST     99,999.99  11.8%  $11,800.00+  $11,799.99

EMPLOYEE CLASS:        Analyst    Sen Prog    Prog    Unclassified
# ON THIS PAGE:              2           3       6               4

                    GRADUATE
                  EMPLOYEE SALARY REPORT                          PAGE  2

607  ODELLE NICK      10  SEN PROG    25,070.18   8.3%   $2,080.82+  $27,151.00

332  HELD ANNA         2              40,000.02              $0.00   $40,000.02

802  SHEA MICHAEL      6  PROG        20,330.08   6.7%   $1,362.12+  $21,692.20

102  BELLSLEY ART      8  SEN PROG    30,000.09   8.3%   $2,490.01+  $32,490.10

282  ESTABAN JUAN     19  ANALYST     40,550.00  11.8%   $4,784.90+  $45,334.90

505  LAMBERT JERRY     1              40,010.04              $0.00   $40,010.04

215  EDSON WILBUR      6  PROG        70,500.08   6.7%   $4,723.51+  $75,223.59

EMPLOYEE CLASS:        Analyst    Sen Prog    Prog    Unclassified
# ON THIS PAGE:              1           2       2               2

AVERAGE INCREASES:   ANALYST=  6,322.83      SEN PROG=  1,945.70
                        PROG=  2,179.18
